0 info it worked if it ends with ok
1 verbose cli [ 'E:\\BitNami\\Node.js\\nodejs\\\\node.exe',
1 verbose cli   'E:\\BitNami\\Node.js\\nodejs\\node_modules\\npm\\bin\\npm-cli.js',
1 verbose cli   'install',
1 verbose cli   'lessc' ]
2 info using npm@1.3.24
3 info using node@v0.10.24
4 verbose node symlink E:\BitNami\Node.js\nodejs\\node.exe
5 verbose readDependencies using package.json deps
6 verbose cache add [ 'lessc', null ]
7 verbose cache add name=undefined spec="lessc" args=["lessc",null]
8 verbose parsed url { protocol: null,
8 verbose parsed url   slashes: null,
8 verbose parsed url   auth: null,
8 verbose parsed url   host: null,
8 verbose parsed url   port: null,
8 verbose parsed url   hostname: null,
8 verbose parsed url   hash: null,
8 verbose parsed url   search: null,
8 verbose parsed url   query: null,
8 verbose parsed url   pathname: 'lessc',
8 verbose parsed url   path: 'lessc',
8 verbose parsed url   href: 'lessc' }
9 silly lockFile 8b3a335c-lessc lessc
10 verbose lock lessc C:\Users\zhangyong\AppData\Roaming\npm-cache\8b3a335c-lessc.lock
11 silly lockFile 8b3a335c-lessc lessc
12 silly lockFile 8b3a335c-lessc lessc
13 verbose addNamed [ 'lessc', '' ]
14 verbose addNamed [ null, '*' ]
15 silly lockFile a47c36bc-lessc lessc@
16 verbose lock lessc@ C:\Users\zhangyong\AppData\Roaming\npm-cache\a47c36bc-lessc.lock
17 silly addNameRange { name: 'lessc', range: '*', hasData: false }
18 verbose url raw lessc
19 verbose url resolving [ 'https://registry.npmjs.org/', './lessc' ]
20 verbose url resolved https://registry.npmjs.org/lessc
21 info trying registry request attempt 1 at 18:08:23
22 http GET https://registry.npmjs.org/lessc
23 http 404 https://registry.npmjs.org/lessc
24 error TypeError: Cannot call method 'match' of undefined
24 error     at RegClient.<anonymous> (E:\BitNami\Node.js\nodejs\node_modules\npm\node_modules\npm-registry-client\lib\request.js:119:29)
24 error     at cb (E:\BitNami\Node.js\nodejs\node_modules\npm\node_modules\npm-registry-client\lib\request.js:158:9)
24 error     at RegClient.<anonymous> (E:\BitNami\Node.js\nodejs\node_modules\npm\node_modules\npm-registry-client\lib\request.js:255:14)
24 error     at Request.self.callback (E:\BitNami\Node.js\nodejs\node_modules\npm\node_modules\request\request.js:123:22)
24 error     at Request.EventEmitter.emit (events.js:98:17)
24 error     at Request.<anonymous> (E:\BitNami\Node.js\nodejs\node_modules\npm\node_modules\request\request.js:893:14)
24 error     at Request.EventEmitter.emit (events.js:117:20)
24 error     at IncomingMessage.<anonymous> (E:\BitNami\Node.js\nodejs\node_modules\npm\node_modules\request\request.js:844:12)
24 error     at IncomingMessage.EventEmitter.emit (events.js:117:20)
24 error     at _stream_readable.js:920:16
25 error If you need help, you may report this *entire* log,
25 error including the npm and node versions, at:
25 error     <http://github.com/isaacs/npm/issues>
26 error System Windows_NT 6.1.7601
27 error command "E:\\BitNami\\Node.js\\nodejs\\\\node.exe" "E:\\BitNami\\Node.js\\nodejs\\node_modules\\npm\\bin\\npm-cli.js" "install" "lessc"
28 error cwd E:\workspaces\artemis_git\ct_manager
29 error node -v v0.10.24
30 error npm -v 1.3.24
31 error type non_object_property_call
32 verbose exit [ 1, true ]
